<?xml version="1.0" encoding="UTF-8"?>
<!-- Generated by org.testng.reporters.JUnitReportReporter -->
<testsuite hostname="Mac" failures="0" tests="1" name="com.example.selenium.selenium_tests.Tests" time="0.761" errors="0" timestamp="2025-09-14T00:32:18 EDT" skipped="0">
  <testcase classname="com.example.selenium.selenium_tests.Tests" name="firstTest" time="0.761"/>
</testsuite> <!-- com.example.selenium.selenium_tests.Tests -->
